{"level":"info","message":{"_id":"6179ae6fbae307b0d9f2727a","createdAt":"2021-10-27T19:54:23.686Z","name":"Joi test project","updatedAt":"2021-10-27T19:54:23.686Z"},"service":"user-service"}
{"level":"info","message":{"_id":"6179aeb42b97f509bb3b4fdd","createdAt":"2021-10-27T19:55:32.012Z","name":"Joi test project","updatedAt":"2021-10-27T19:55:32.012Z"},"service":"project-service"}
{"level":"info","message":{"_id":"617afaaa47a278eba7dc003a","createdAt":"2021-10-28T19:31:54.581Z","updatedAt":"2021-10-28T19:31:54.581Z"},"service":"project-service"}
{"level":"info","message":{"_id":"617afbe003a27074360a624f","createdAt":"2021-10-28T19:37:04.977Z","updatedAt":"2021-10-28T19:37:04.977Z"},"service":"project-service"}
{"level":"info","message":{"_id":"617afbee03a27074360a6251","createdAt":"2021-10-28T19:37:18.532Z","updatedAt":"2021-10-28T19:37:18.532Z"},"service":"project-service"}
{"level":"info","message":{"_id":"617afc229a887560dc7d3b96","createdAt":"2021-10-28T19:38:10.401Z","updatedAt":"2021-10-28T19:38:10.401Z"},"service":"project-service"}
{"level":"info","message":{"_id":"617afc4e55c22735dd4dd5a2","createdAt":"2021-10-28T19:38:54.296Z","updatedAt":"2021-10-28T19:38:54.296Z"},"service":"project-service"}
{"level":"info","message":{"_id":"617afc65e9e45fb3afb1dd1c","createdAt":"2021-10-28T19:39:17.350Z","updatedAt":"2021-10-28T19:39:17.350Z"},"service":"project-service"}
{"level":"info","message":{"_id":"617afd0b6e3100217e3bdc8b","createdAt":"2021-10-28T19:42:03.596Z","updatedAt":"2021-10-28T19:42:03.596Z"},"service":"project-service"}
{"level":"info","message":{"_id":"617afd482254c47c45732e2b","createdAt":"2021-10-28T19:43:04.881Z","updatedAt":"2021-10-28T19:43:04.881Z"},"service":"project-service"}
{"level":"info","message":{"_id":"617afd4b2254c47c45732e2d","createdAt":"2021-10-28T19:43:07.096Z","updatedAt":"2021-10-28T19:43:07.096Z"},"service":"project-service"}
{"level":"info","message":{"_id":"61a3e777ab52e3ef7488a953","createdAt":"2021-11-28T20:32:55.253Z","name":"Test Projesi","updatedAt":"2021-11-28T20:32:55.253Z"},"service":"project-service"}
{"level":"info","message":{"_id":"61a3e77dab52e3ef7488a955","createdAt":"2021-11-28T20:33:01.600Z","name":"Test Projesi 1","updatedAt":"2021-11-28T20:33:01.600Z"},"service":"project-service"}
{"level":"info","message":{"_id":"61a3e782ab52e3ef7488a957","createdAt":"2021-11-28T20:33:06.568Z","name":"Test Projesi 2","updatedAt":"2021-11-28T20:33:06.568Z"},"service":"project-service"}
{"level":"info","message":{"_id":"61a3e7aa9067e455eb8ab4ab","createdAt":"2021-11-28T20:33:46.755Z","name":"Test Projesi 2","updatedAt":"2021-11-28T20:33:46.755Z"},"service":"project-service"}
{"level":"info","message":{"_id":"61a3e7d6bd620ddc4098c6be","createdAt":"2021-11-28T20:34:30.077Z","name":"Test Projesi 2","updatedAt":"2021-11-28T20:34:30.077Z","user_id":"61a3e63cf9842a00fe1d7fdd"},"service":"project-service"}
{"level":"info","message":{"_id":"61a501ccefdf454755bc2595","createdAt":"2021-11-29T16:37:32.397Z","name":"Test Projesi 2","updatedAt":"2021-11-29T16:37:32.397Z","user_id":"61a501bdefdf454755bc2592"},"service":"project-service"}
{"level":"info","message":{"_id":"61a525a8adf3d20c397fdb9c","createdAt":"2021-11-29T19:10:32.213Z","name":"Test Projesi 2","updatedAt":"2021-11-29T19:10:32.213Z","user_id":"61a501bdefdf454755bc2592"},"service":"project-service"}
{"level":"info","message":{"_id":"61b79a47480f0b2f22914979","createdAt":"2021-12-13T19:08:55.211Z","name":"Test Projesi 2","updatedAt":"2021-12-13T19:08:55.211Z","user_id":"61b799fd480f0b2f22914974"},"service":"project-service"}
{"level":"info","message":{"_id":"61b79bb092f80dd99097e50e","createdAt":"2021-12-13T19:14:56.301Z","name":"Test Projesi 1","updatedAt":"2021-12-13T19:14:56.301Z","user_id":"61b799fd480f0b2f22914974"},"service":"project-service"}
{"level":"info","message":{"_id":"61b79bb392f80dd99097e510","createdAt":"2021-12-13T19:14:59.641Z","name":"Test Projesi 0","updatedAt":"2021-12-13T19:14:59.641Z","user_id":"61b799fd480f0b2f22914974"},"service":"project-service"}
